<?xml version="1.0" encoding="UTF-8"?>
<!-- Generated by org.testng.reporters.JUnitReportReporter -->
<testsuite hostname="P4A-508SD6Z" name="com.accenture.test.TestRobot" tests="1" failures="0" timestamp="23 Jul 2018 05:15:33 GMT" time="8.077" errors="0">
  <testcase name="f" time="8.077" classname="com.accenture.test.TestRobot"/>
</testsuite> <!-- com.accenture.test.TestRobot -->
