<?xml version="1.0" encoding="UTF-8"?>
<!-- Generated by org.testng.reporters.JUnitReportReporter -->
<testsuite hostname="P4A-508SD6Z" name="com.accenture.test.TestJS" tests="1" failures="0" timestamp="23 Jul 2018 06:44:25 GMT" time="0.505" errors="0">
  <testcase name="f" time="0.505" classname="com.accenture.test.TestJS"/>
</testsuite> <!-- com.accenture.test.TestJS -->
