<?xml version="1.0" encoding="UTF-8"?>
<!-- Generated by org.testng.reporters.JUnitReportReporter -->
<testsuite hostname="P4A-508SD6Z" name="com.accenture.test.ActionTest" tests="1" failures="0" timestamp="23 Jul 2018 05:53:09 GMT" time="8.060" errors="0">
  <testcase name="f" time="8.060" classname="com.accenture.test.ActionTest"/>
</testsuite> <!-- com.accenture.test.ActionTest -->
